2026-06-21 04:41:39:4139 [35mhttp[39m: [35mGET / 200 27 - 10.410 ms[39m
2026-06-21 04:41:39:4139 [35mhttp[39m: [35mGET /favicon.ico 404 150 - 1.733 ms[39m
2026-06-21 04:43:38:4338 [35mhttp[39m: [35mGET /api/health 500 77 - 1188.173 ms[39m
2026-06-21 04:44:08:448 [35mhttp[39m: [35mGET /api/health 500 77 - 5011.092 ms[39m
2026-06-21 04:44:30:4430 [35mhttp[39m: [35mGET /api/health 500 77 - 488.956 ms[39m
2026-06-21 04:44:56:4456 [35mhttp[39m: [35mGET /api/health 200 71 - 345.231 ms[39m
2026-06-21 04:46:16:4616 [35mhttp[39m: [35mGET /api/health 200 71 - 767.595 ms[39m
2026-06-21 04:47:43:4743 [35mhttp[39m: [35mGET /api/categories 401 39 - 0.859 ms[39m
2026-06-21 04:47:43:4743 [35mhttp[39m: [35mGET /api/categories 401 39 - 0.679 ms[39m
2026-06-21 04:47:43:4743 [35mhttp[39m: [35mPOST /api/auth/refresh 401 28 - 13.757 ms[39m
2026-06-21 04:47:43:4743 [35mhttp[39m: [35mPOST /api/auth/refresh 401 28 - 1.016 ms[39m
2026-06-21 04:47:43:4743 [35mhttp[39m: [35mPOST /api/auth/logout 200 16 - 1.716 ms[39m
2026-06-21 04:47:43:4743 [35mhttp[39m: [35mPOST /api/auth/logout 200 16 - 0.722 ms[39m
2026-06-21 04:47:48:4748 [35mhttp[39m: [35mGET /api/notifications?limit=10 401 39 - 0.800 ms[39m
2026-06-21 04:47:48:4748 [35mhttp[39m: [35mGET /api/products 401 39 - 0.584 ms[39m
2026-06-21 04:47:48:4748 [35mhttp[39m: [35mGET /api/categories 401 39 - 0.304 ms[39m
2026-06-21 04:47:48:4748 [35mhttp[39m: [35mGET /api/notifications?limit=10 401 39 - 0.365 ms[39m
2026-06-21 04:47:48:4748 [35mhttp[39m: [35mGET /api/products 401 39 - 0.589 ms[39m
2026-06-21 04:47:48:4748 [35mhttp[39m: [35mGET /api/categories 401 39 - 0.499 ms[39m
2026-06-21 04:47:48:4748 [35mhttp[39m: [35mPOST /api/auth/refresh 401 28 - 0.672 ms[39m
2026-06-21 04:47:48:4748 [35mhttp[39m: [35mPOST /api/auth/refresh 401 28 - 0.460 ms[39m
2026-06-21 04:47:48:4748 [35mhttp[39m: [35mPOST /api/auth/refresh 401 28 - 0.373 ms[39m
2026-06-21 04:47:48:4748 [35mhttp[39m: [35mPOST /api/auth/refresh 401 28 - 2.054 ms[39m
2026-06-21 04:47:48:4748 [35mhttp[39m: [35mPOST /api/auth/refresh 401 28 - 0.911 ms[39m
2026-06-21 04:47:48:4748 [35mhttp[39m: [35mPOST /api/auth/refresh 401 28 - 0.680 ms[39m
2026-06-21 04:47:48:4748 [35mhttp[39m: [35mPOST /api/auth/logout 200 16 - 0.285 ms[39m
2026-06-21 04:47:48:4748 [35mhttp[39m: [35mPOST /api/auth/logout 200 16 - 0.223 ms[39m
2026-06-21 04:47:48:4748 [35mhttp[39m: [35mPOST /api/auth/logout 200 16 - 0.177 ms[39m
2026-06-21 04:47:48:4748 [35mhttp[39m: [35mPOST /api/auth/logout 200 16 - 0.258 ms[39m
2026-06-21 04:47:48:4748 [35mhttp[39m: [35mPOST /api/auth/logout 200 16 - 0.164 ms[39m
2026-06-21 04:47:48:4748 [35mhttp[39m: [35mPOST /api/auth/logout 200 16 - 0.145 ms[39m
2026-06-21 04:48:01:481 [35mhttp[39m: [35mGET /api/notifications?limit=10 401 39 - 0.497 ms[39m
2026-06-21 04:48:01:481 [35mhttp[39m: [35mGET /api/products 401 39 - 0.729 ms[39m
2026-06-21 04:48:01:481 [35mhttp[39m: [35mGET /api/categories 401 39 - 0.459 ms[39m
2026-06-21 04:48:01:481 [35mhttp[39m: [35mGET /api/notifications?limit=10 401 39 - 0.313 ms[39m
2026-06-21 04:48:01:481 [35mhttp[39m: [35mGET /api/products 401 39 - 0.284 ms[39m
2026-06-21 04:48:01:481 [35mhttp[39m: [35mGET /api/categories 401 39 - 0.539 ms[39m
2026-06-21 04:48:01:481 [35mhttp[39m: [35mPOST /api/auth/refresh 401 28 - 0.680 ms[39m
2026-06-21 04:48:01:481 [35mhttp[39m: [35mPOST /api/auth/refresh 401 28 - 0.610 ms[39m
2026-06-21 04:48:01:481 [35mhttp[39m: [35mPOST /api/auth/refresh 401 28 - 0.382 ms[39m
2026-06-21 04:48:01:481 [35mhttp[39m: [35mPOST /api/auth/refresh 401 28 - 0.374 ms[39m
2026-06-21 04:48:01:481 [35mhttp[39m: [35mPOST /api/auth/refresh 401 28 - 0.527 ms[39m
2026-06-21 04:48:01:481 [35mhttp[39m: [35mPOST /api/auth/refresh 401 28 - 0.725 ms[39m
2026-06-21 04:48:01:481 [35mhttp[39m: [35mPOST /api/auth/logout 200 16 - 0.384 ms[39m
2026-06-21 04:48:01:481 [35mhttp[39m: [35mPOST /api/auth/logout 200 16 - 0.310 ms[39m
2026-06-21 04:48:01:481 [35mhttp[39m: [35mPOST /api/auth/logout 200 16 - 0.301 ms[39m
2026-06-21 04:48:01:481 [35mhttp[39m: [35mPOST /api/auth/logout 200 16 - 0.220 ms[39m
2026-06-21 04:48:01:481 [35mhttp[39m: [35mPOST /api/auth/logout 200 16 - 0.185 ms[39m
2026-06-21 04:48:01:481 [35mhttp[39m: [35mPOST /api/auth/logout 200 16 - 0.159 ms[39m
2026-06-21 04:48:08:488 [35mhttp[39m: [35mGET /api/boms 401 39 - 0.310 ms[39m
2026-06-21 04:48:08:488 [35mhttp[39m: [35mGET /api/boms 401 39 - 0.257 ms[39m
2026-06-21 04:48:08:488 [35mhttp[39m: [35mPOST /api/auth/refresh 401 28 - 0.427 ms[39m
2026-06-21 04:48:08:488 [35mhttp[39m: [35mPOST /api/auth/refresh 401 28 - 0.220 ms[39m
2026-06-21 04:48:08:488 [35mhttp[39m: [35mPOST /api/auth/logout 200 16 - 0.261 ms[39m
2026-06-21 04:48:08:488 [35mhttp[39m: [35mPOST /api/auth/logout 200 16 - 0.183 ms[39m
2026-06-21 04:48:16:4816 [35mhttp[39m: [35mGET /api/boms 401 39 - 0.280 ms[39m
2026-06-21 04:48:16:4816 [35mhttp[39m: [35mGET /api/boms 401 39 - 0.336 ms[39m
2026-06-21 04:48:16:4816 [35mhttp[39m: [35mPOST /api/auth/refresh 401 28 - 0.309 ms[39m
2026-06-21 04:48:16:4816 [35mhttp[39m: [35mPOST /api/auth/refresh 401 28 - 0.342 ms[39m
2026-06-21 04:48:16:4816 [35mhttp[39m: [35mPOST /api/auth/logout 200 16 - 0.242 ms[39m
2026-06-21 04:48:16:4816 [35mhttp[39m: [35mPOST /api/auth/logout 200 16 - 0.148 ms[39m
2026-06-21 04:48:21:4821 [35mhttp[39m: [35mGET /api/approvals/metrics 401 39 - 0.324 ms[39m
2026-06-21 04:48:21:4821 [35mhttp[39m: [35mGET /api/approvals?limit=5&status=Under%20Review 401 39 - 0.280 ms[39m
2026-06-21 04:48:21:4821 [35mhttp[39m: [35mGET /api/approvals/metrics 401 39 - 0.188 ms[39m
2026-06-21 04:48:21:4821 [35mhttp[39m: [35mGET /api/approvals?limit=5&status=Under%20Review 401 39 - 0.383 ms[39m
2026-06-21 04:48:21:4821 [35mhttp[39m: [35mPOST /api/auth/refresh 401 28 - 0.393 ms[39m
2026-06-21 04:48:21:4821 [35mhttp[39m: [35mPOST /api/auth/refresh 401 28 - 0.403 ms[39m
2026-06-21 04:48:21:4821 [35mhttp[39m: [35mPOST /api/auth/refresh 401 28 - 0.337 ms[39m
2026-06-21 04:48:21:4821 [35mhttp[39m: [35mPOST /api/auth/refresh 401 28 - 0.372 ms[39m
2026-06-21 04:48:21:4821 [35mhttp[39m: [35mPOST /api/auth/logout 200 16 - 0.297 ms[39m
2026-06-21 04:48:21:4821 [35mhttp[39m: [35mPOST /api/auth/logout 200 16 - 0.188 ms[39m
2026-06-21 04:48:21:4821 [35mhttp[39m: [35mPOST /api/auth/logout 200 16 - 0.286 ms[39m
2026-06-21 04:48:21:4821 [35mhttp[39m: [35mPOST /api/auth/logout 200 16 - 0.370 ms[39m
2026-06-21 04:49:03:493 [35mhttp[39m: [35mGET /api/notifications?limit=10 401 39 - 0.399 ms[39m
2026-06-21 04:49:03:493 [35mhttp[39m: [35mGET /api/products 401 39 - 0.304 ms[39m
2026-06-21 04:49:03:493 [35mhttp[39m: [35mGET /api/categories 401 39 - 0.453 ms[39m
2026-06-21 04:49:03:493 [35mhttp[39m: [35mGET /api/notifications?limit=10 401 39 - 0.582 ms[39m
2026-06-21 04:49:03:493 [35mhttp[39m: [35mGET /api/products 401 39 - 0.770 ms[39m
2026-06-21 04:49:03:493 [35mhttp[39m: [35mGET /api/categories 401 39 - 0.584 ms[39m
2026-06-21 04:49:03:493 [35mhttp[39m: [35mPOST /api/auth/refresh 401 28 - 0.486 ms[39m
2026-06-21 04:49:03:493 [35mhttp[39m: [35mPOST /api/auth/refresh 401 28 - 0.427 ms[39m
2026-06-21 04:49:03:493 [35mhttp[39m: [35mPOST /api/auth/refresh 401 28 - 0.317 ms[39m
2026-06-21 04:49:03:493 [35mhttp[39m: [35mPOST /api/auth/refresh 401 28 - 0.440 ms[39m
2026-06-21 04:49:03:493 [35mhttp[39m: [35mPOST /api/auth/refresh 401 28 - 0.519 ms[39m
2026-06-21 04:49:03:493 [35mhttp[39m: [35mPOST /api/auth/refresh 401 28 - 0.399 ms[39m
2026-06-21 04:49:03:493 [35mhttp[39m: [35mPOST /api/auth/logout 200 16 - 0.349 ms[39m
2026-06-21 04:49:03:493 [35mhttp[39m: [35mPOST /api/auth/logout 200 16 - 0.245 ms[39m
2026-06-21 04:49:03:493 [35mhttp[39m: [35mPOST /api/auth/logout 200 16 - 0.261 ms[39m
2026-06-21 04:49:03:493 [35mhttp[39m: [35mPOST /api/auth/logout 200 16 - 0.356 ms[39m
2026-06-21 04:49:03:493 [35mhttp[39m: [35mPOST /api/auth/logout 200 16 - 0.217 ms[39m
2026-06-21 04:49:03:493 [35mhttp[39m: [35mPOST /api/auth/logout 200 16 - 0.218 ms[39m
2026-06-21 04:50:01:501 [35mhttp[39m: [35mGET /api/boms 401 39 - 0.410 ms[39m
2026-06-21 04:50:01:501 [35mhttp[39m: [35mGET /api/boms 401 39 - 0.499 ms[39m
2026-06-21 04:50:01:501 [35mhttp[39m: [35mPOST /api/auth/refresh 401 28 - 0.485 ms[39m
2026-06-21 04:50:01:501 [35mhttp[39m: [35mPOST /api/auth/refresh 401 28 - 0.380 ms[39m
2026-06-21 04:50:01:501 [35mhttp[39m: [35mPOST /api/auth/logout 200 16 - 0.255 ms[39m
2026-06-21 04:50:01:501 [35mhttp[39m: [35mPOST /api/auth/logout 200 16 - 0.248 ms[39m
2026-06-21 04:50:06:506 [35mhttp[39m: [35mGET /api/ecos 401 39 - 0.257 ms[39m
2026-06-21 04:50:06:506 [35mhttp[39m: [35mGET /api/ecos 401 39 - 0.359 ms[39m
2026-06-21 04:50:06:506 [35mhttp[39m: [35mPOST /api/auth/refresh 401 28 - 0.565 ms[39m
2026-06-21 04:50:06:506 [35mhttp[39m: [35mPOST /api/auth/refresh 401 28 - 0.552 ms[39m
2026-06-21 04:50:06:506 [35mhttp[39m: [35mPOST /api/auth/logout 200 16 - 0.231 ms[39m
2026-06-21 04:50:06:506 [35mhttp[39m: [35mPOST /api/auth/logout 200 16 - 0.359 ms[39m
2026-06-21 04:53:43:5343 [35mhttp[39m: [35mGET /api/categories 200 2 - 303.393 ms[39m
2026-06-21 04:53:43:5343 [35mhttp[39m: [35mGET /api/categories 304 - - 21.236 ms[39m
2026-06-21 04:53:43:5343 [35mhttp[39m: [35mGET /api/notifications?limit=10 200 36 - 360.341 ms[39m
2026-06-21 04:53:43:5343 [35mhttp[39m: [35mGET /api/notifications?limit=10 304 - - 43.047 ms[39m
2026-06-21 04:53:43:5343 [35mhttp[39m: [35mGET /api/products 200 45 - 465.510 ms[39m
2026-06-21 04:53:43:5343 [35mhttp[39m: [35mGET /api/products 304 - - 24.747 ms[39m
2026-06-21 04:53:45:5345 [35mhttp[39m: [35mGET /api/boms 401 43 - 0.570 ms[39m
2026-06-21 04:53:45:5345 [35mhttp[39m: [35mGET /api/boms 401 43 - 0.487 ms[39m
2026-06-21 04:53:45:5345 [35mhttp[39m: [35mPOST /api/auth/refresh 401 28 - 14.633 ms[39m
2026-06-21 04:53:45:5345 [35mhttp[39m: [35mPOST /api/auth/refresh 401 28 - 1.032 ms[39m
2026-06-21 04:53:45:5345 [35mhttp[39m: [35mPOST /api/auth/logout 200 16 - 1.149 ms[39m
2026-06-21 04:53:45:5345 [35mhttp[39m: [35mPOST /api/auth/logout 200 16 - 0.423 ms[39m
2026-06-21 04:53:49:5349 [35mhttp[39m: [35mGET /api/ecos 200 41 - 424.292 ms[39m
2026-06-21 04:53:49:5349 [35mhttp[39m: [35mGET /api/ecos 304 - - 50.485 ms[39m
2026-06-21 04:53:52:5352 [35mhttp[39m: [35mGET /api/boms 401 43 - 0.480 ms[39m
2026-06-21 04:53:52:5352 [35mhttp[39m: [35mGET /api/boms 401 43 - 0.469 ms[39m
2026-06-21 04:53:52:5352 [35mhttp[39m: [35mPOST /api/auth/refresh 401 28 - 0.818 ms[39m
2026-06-21 04:53:52:5352 [35mhttp[39m: [35mPOST /api/auth/refresh 401 28 - 0.727 ms[39m
2026-06-21 04:53:52:5352 [35mhttp[39m: [35mPOST /api/auth/logout 200 16 - 0.654 ms[39m
2026-06-21 04:53:52:5352 [35mhttp[39m: [35mPOST /api/auth/logout 200 16 - 0.488 ms[39m
2026-06-21 04:53:56:5356 [35mhttp[39m: [35mGET /api/ecos 304 - - 26.999 ms[39m
2026-06-21 04:53:56:5356 [35mhttp[39m: [35mGET /api/ecos 304 - - 25.927 ms[39m
2026-06-21 04:53:57:5357 [35mhttp[39m: [35mGET /api/notifications?limit=10 401 43 - 0.443 ms[39m
2026-06-21 04:53:57:5357 [35mhttp[39m: [35mGET /api/products 401 43 - 0.363 ms[39m
2026-06-21 04:53:57:5357 [35mhttp[39m: [35mGET /api/categories 401 43 - 0.345 ms[39m
2026-06-21 04:53:57:5357 [35mhttp[39m: [35mGET /api/notifications?limit=10 401 43 - 0.314 ms[39m
2026-06-21 04:53:57:5357 [35mhttp[39m: [35mGET /api/products 401 43 - 0.806 ms[39m
2026-06-21 04:53:57:5357 [35mhttp[39m: [35mGET /api/categories 401 43 - 0.293 ms[39m
2026-06-21 04:53:57:5357 [35mhttp[39m: [35mPOST /api/auth/refresh 401 28 - 0.467 ms[39m
2026-06-21 04:53:57:5357 [35mhttp[39m: [35mPOST /api/auth/refresh 401 28 - 0.562 ms[39m
2026-06-21 04:53:57:5357 [35mhttp[39m: [35mPOST /api/auth/refresh 401 28 - 0.673 ms[39m
2026-06-21 04:53:57:5357 [35mhttp[39m: [35mPOST /api/auth/refresh 401 28 - 0.612 ms[39m
2026-06-21 04:53:57:5357 [35mhttp[39m: [35mPOST /api/auth/refresh 401 28 - 1.280 ms[39m
2026-06-21 04:53:57:5357 [35mhttp[39m: [35mPOST /api/auth/refresh 401 28 - 0.855 ms[39m
2026-06-21 04:53:57:5357 [35mhttp[39m: [35mPOST /api/auth/logout 200 16 - 0.535 ms[39m
2026-06-21 04:53:57:5357 [35mhttp[39m: [35mPOST /api/auth/logout 200 16 - 0.375 ms[39m
2026-06-21 04:53:57:5357 [35mhttp[39m: [35mPOST /api/auth/logout 200 16 - 0.309 ms[39m
2026-06-21 04:53:57:5357 [35mhttp[39m: [35mPOST /api/auth/logout 200 16 - 0.368 ms[39m
2026-06-21 04:53:57:5357 [35mhttp[39m: [35mPOST /api/auth/logout 200 16 - 0.825 ms[39m
2026-06-21 04:53:57:5357 [35mhttp[39m: [35mPOST /api/auth/logout 200 16 - 0.404 ms[39m
2026-06-21 04:56:13:5613 [35mhttp[39m: [35mGET /api/categories 304 - - 41.136 ms[39m
2026-06-21 04:56:13:5613 [35mhttp[39m: [35mGET /api/products 304 - - 45.892 ms[39m
2026-06-21 04:56:13:5613 [35mhttp[39m: [35mGET /api/notifications?limit=10 304 - - 64.432 ms[39m
2026-06-21 04:56:13:5613 [35mhttp[39m: [35mGET /api/categories 304 - - 21.336 ms[39m
2026-06-21 04:56:13:5613 [35mhttp[39m: [35mGET /api/products 304 - - 22.950 ms[39m
2026-06-21 04:56:13:5613 [35mhttp[39m: [35mGET /api/notifications?limit=10 304 - - 45.166 ms[39m
2026-06-21 04:56:17:5617 [35mhttp[39m: [35mGET /api/boms 200 41 - 489.480 ms[39m
2026-06-21 04:56:17:5617 [35mhttp[39m: [35mGET /api/boms 304 - - 44.385 ms[39m
2026-06-21 04:56:18:5618 [35mhttp[39m: [35mGET /api/categories 304 - - 26.398 ms[39m
2026-06-21 04:56:18:5618 [35mhttp[39m: [35mGET /api/products 304 - - 30.785 ms[39m
2026-06-21 04:56:18:5618 [35mhttp[39m: [35mGET /api/notifications?limit=10 304 - - 49.242 ms[39m
2026-06-21 04:56:18:5618 [35mhttp[39m: [35mGET /api/categories 304 - - 21.029 ms[39m
2026-06-21 04:56:18:5618 [35mhttp[39m: [35mGET /api/products 304 - - 23.206 ms[39m
2026-06-21 04:56:18:5618 [35mhttp[39m: [35mGET /api/notifications?limit=10 304 - - 43.704 ms[39m
2026-06-21 04:56:21:5621 [35mhttp[39m: [35mGET /api/ecos 304 - - 59.085 ms[39m
2026-06-21 04:56:21:5621 [35mhttp[39m: [35mGET /api/ecos 304 - - 22.782 ms[39m
2026-06-21 04:56:24:5624 [35mhttp[39m: [35mGET /api/categories 304 - - 22.261 ms[39m
2026-06-21 04:56:24:5624 [35mhttp[39m: [35mGET /api/products 304 - - 25.952 ms[39m
2026-06-21 04:56:24:5624 [35mhttp[39m: [35mGET /api/notifications?limit=10 304 - - 43.907 ms[39m
2026-06-21 04:56:24:5624 [35mhttp[39m: [35mGET /api/categories 304 - - 22.958 ms[39m
2026-06-21 04:56:24:5624 [35mhttp[39m: [35mGET /api/products 304 - - 50.435 ms[39m
2026-06-21 04:56:24:5624 [35mhttp[39m: [35mGET /api/notifications?limit=10 304 - - 46.490 ms[39m
2026-06-21 04:56:31:5631 [35mhttp[39m: [35mGET /api/approvals?limit=5&status=Under%20Review 200 40 - 479.557 ms[39m
2026-06-21 04:56:31:5631 [35mhttp[39m: [35mGET /api/approvals/metrics 200 65 - 503.708 ms[39m
2026-06-21 04:56:31:5631 [35mhttp[39m: [35mGET /api/approvals?limit=5&status=Under%20Review 304 - - 43.137 ms[39m
2026-06-21 04:56:31:5631 [35mhttp[39m: [35mGET /api/approvals/metrics 304 - - 43.137 ms[39m
2026-06-21 04:56:32:5632 [35mhttp[39m: [35mGET /api/approvals 200 41 - 44.006 ms[39m
2026-06-21 04:56:32:5632 [35mhttp[39m: [35mGET /api/approvals 304 - - 45.411 ms[39m
2026-06-21 04:56:34:5634 [35mhttp[39m: [35mGET /api/approvals?limit=5&status=Under%20Review 304 - - 41.254 ms[39m
2026-06-21 04:56:34:5634 [35mhttp[39m: [35mGET /api/approvals/metrics 304 - - 44.661 ms[39m
2026-06-21 04:56:34:5634 [35mhttp[39m: [35mGET /api/approvals?limit=5&status=Under%20Review 304 - - 45.601 ms[39m
2026-06-21 04:56:34:5634 [35mhttp[39m: [35mGET /api/approvals/metrics 304 - - 44.129 ms[39m
2026-06-21 04:56:36:5636 [35mhttp[39m: [35mGET /api/approvals/metrics 304 - - 46.872 ms[39m
2026-06-21 04:56:36:5636 [35mhttp[39m: [35mGET /api/approvals?limit=5&status=Under%20Review 304 - - 46.297 ms[39m
2026-06-21 04:56:36:5636 [35mhttp[39m: [35mGET /api/approvals/metrics 304 - - 24.297 ms[39m
2026-06-21 04:56:37:5637 [35mhttp[39m: [35mGET /api/approvals?limit=5&status=Under%20Review 304 - - 44.414 ms[39m
2026-06-21 04:56:38:5638 [35mhttp[39m: [35mGET /api/approvals/metrics 304 - - 52.713 ms[39m
2026-06-21 04:56:38:5638 [35mhttp[39m: [35mGET /api/approvals?limit=5&status=Under%20Review 304 - - 53.754 ms[39m
2026-06-21 04:56:38:5638 [35mhttp[39m: [35mGET /api/approvals/metrics 304 - - 23.988 ms[39m
2026-06-21 04:56:38:5638 [35mhttp[39m: [35mGET /api/approvals?limit=5&status=Under%20Review 304 - - 22.829 ms[39m
2026-06-21 04:56:39:5639 [35mhttp[39m: [35mGET /api/approvals?limit=5&status=Under%20Review 304 - - 25.371 ms[39m
2026-06-21 04:56:39:5639 [35mhttp[39m: [35mGET /api/approvals/metrics 304 - - 45.596 ms[39m
2026-06-21 04:56:39:5639 [35mhttp[39m: [35mGET /api/approvals?limit=5&status=Under%20Review 304 - - 51.891 ms[39m
2026-06-21 04:56:39:5639 [35mhttp[39m: [35mGET /api/approvals/metrics 304 - - 43.331 ms[39m
2026-06-21 04:56:54:5654 [35mhttp[39m: [35mGET /api/versions/releases 200 2 - 270.431 ms[39m
2026-06-21 04:56:54:5654 [35mhttp[39m: [35mGET /api/versions/releases 304 - - 24.575 ms[39m
2026-06-21 04:57:03:573 [35mhttp[39m: [35mGET /api/approvals/metrics 304 - - 42.718 ms[39m
2026-06-21 04:57:03:573 [35mhttp[39m: [35mGET /api/approvals?limit=5&status=Under%20Review 304 - - 42.382 ms[39m
2026-06-21 04:57:03:573 [35mhttp[39m: [35mGET /api/approvals?limit=5&status=Under%20Review 304 - - 23.140 ms[39m
2026-06-21 04:57:03:573 [35mhttp[39m: [35mGET /api/approvals/metrics 304 - - 46.127 ms[39m
2026-06-21 04:57:05:575 [35mhttp[39m: [35mGET /api/approvals 304 - - 23.723 ms[39m
2026-06-21 04:57:05:575 [35mhttp[39m: [35mGET /api/approvals 304 - - 42.910 ms[39m
2026-06-21 04:57:07:577 [35mhttp[39m: [35mGET /api/approvals?limit=5&status=Under%20Review 304 - - 23.111 ms[39m
2026-06-21 04:57:07:577 [35mhttp[39m: [35mGET /api/approvals/metrics 304 - - 25.078 ms[39m
2026-06-21 04:57:07:577 [35mhttp[39m: [35mGET /api/approvals?limit=5&status=Under%20Review 304 - - 21.971 ms[39m
2026-06-21 04:57:07:577 [35mhttp[39m: [35mGET /api/approvals/metrics 304 - - 22.852 ms[39m
2026-06-21 04:57:23:5723 [35mhttp[39m: [35mGET /api/ecos 304 - - 51.211 ms[39m
2026-06-21 04:57:23:5723 [35mhttp[39m: [35mGET /api/ecos 304 - - 23.490 ms[39m
2026-06-21 04:57:29:5729 [35mhttp[39m: [35mGET /api/boms 304 - - 47.323 ms[39m
2026-06-21 04:57:29:5729 [35mhttp[39m: [35mGET /api/boms 304 - - 23.992 ms[39m
2026-06-21 04:57:48:5748 [35mhttp[39m: [35mGET /api/versions/releases 429 42 - 0.515 ms[39m
2026-06-21 04:57:48:5748 [35mhttp[39m: [35mGET /api/versions/releases 429 42 - 0.492 ms[39m
2026-06-21 04:57:52:5752 [35mhttp[39m: [35mGET /api/ecos 429 42 - 0.508 ms[39m
2026-06-21 04:57:52:5752 [35mhttp[39m: [35mGET /api/ecos 429 42 - 0.407 ms[39m
2026-06-21 04:57:56:5756 [35mhttp[39m: [35mGET /api/boms 429 42 - 0.366 ms[39m
2026-06-21 04:57:56:5756 [35mhttp[39m: [35mGET /api/boms 429 42 - 0.226 ms[39m
2026-06-21 04:57:57:5757 [35mhttp[39m: [35mGET /api/notifications?limit=10 429 42 - 0.280 ms[39m
2026-06-21 04:57:57:5757 [35mhttp[39m: [35mGET /api/products 429 42 - 0.253 ms[39m
2026-06-21 04:57:57:5757 [35mhttp[39m: [35mGET /api/categories 429 42 - 0.369 ms[39m
2026-06-21 04:57:57:5757 [35mhttp[39m: [35mGET /api/notifications?limit=10 429 42 - 0.306 ms[39m
2026-06-21 04:57:57:5757 [35mhttp[39m: [35mGET /api/products 429 42 - 0.191 ms[39m
2026-06-21 04:57:57:5757 [35mhttp[39m: [35mGET /api/categories 429 42 - 0.352 ms[39m
2026-06-21 04:58:16:5816 [35mhttp[39m: [35mGET /api/categories 429 42 - 0.219 ms[39m
2026-06-21 04:58:16:5816 [35mhttp[39m: [35mGET /api/categories 429 42 - 0.276 ms[39m
2026-06-21 04:58:34:5834 [35mhttp[39m: [35mGET /api/ecos 429 42 - 0.345 ms[39m
2026-06-21 04:58:34:5834 [35mhttp[39m: [35mGET /api/ecos 429 42 - 0.315 ms[39m
2026-06-21 04:58:44:5844 [35mhttp[39m: [35mGET /api/boms 429 42 - 0.168 ms[39m
2026-06-21 04:58:44:5844 [35mhttp[39m: [35mGET /api/boms 429 42 - 0.327 ms[39m
